GROUP,PACKAGE,CLASS,INSTRUCTION_MISSED,INSTRUCTION_COVERED,BRANCH_MISSED,BRANCH_COVERED,LINE_MISSED,LINE_COVERED,COMPLEXITY_MISSED,COMPLEXITY_COVERED,METHOD_MISSED,METHOD_COVERED
Apache Creadur RAT::Tools,org.apache.rat.documentation.velocity,Matcher.Attribute,66,13,8,0,16,4,8,2,4,2
Apache Creadur RAT::Tools,org.apache.rat.documentation.velocity,Matcher,98,63,8,4,19,14,10,4,6,2
Apache Creadur RAT::Tools,org.apache.rat.documentation.velocity,License,35,10,0,0,9,4,5,2,5,2
Apache Creadur RAT::Tools,org.apache.rat.documentation.velocity,RatTool,13,213,1,11,5,48,5,24,4,19
Apache Creadur RAT::Tools,org.apache.rat.documentation.velocity,MatcherTree.Node,47,0,6,0,10,0,9,0,6,0
Apache Creadur RAT::Tools,org.apache.rat.documentation.velocity,MatcherTree,68,0,4,0,17,0,6,0,4,0
Apache Creadur RAT::Tools,org.apache.rat.documentation.velocity,Matcher.Enclosed,60,9,8,0,10,3,9,1,5,1
Apache Creadur RAT::Tools,org.apache.rat.tools,AntGenerator.new AntGenerator.GenerateType() {...},0,14,0,0,0,3,0,2,0,2
Apache Creadur RAT::Tools,org.apache.rat.tools,AntGenerator.new AntGenerator.GenerateType() {...},6,0,0,0,2,0,2,0,2,0
Apache Creadur RAT::Tools,org.apache.rat.tools,AntGenerator.new AntGenerator.GenerateType() {...},24,0,0,0,2,0,2,0,2,0
Apache Creadur RAT::Tools,org.apache.rat.tools,Documentation,57,0,2,0,15,0,3,0,2,0
Apache Creadur RAT::Tools,org.apache.rat.tools,AntDocumentation.AptFormat,93,61,7,5,21,11,10,3,6,1
Apache Creadur RAT::Tools,org.apache.rat.tools,AntGenerator.GenerateType,47,29,4,0,5,6,3,2,1,2
Apache Creadur RAT::Tools,org.apache.rat.tools,ArgumentTypes,24,0,2,0,3,0,2,0,1,0
Apache Creadur RAT::Tools,org.apache.rat.tools,MavenGenerator,49,487,6,43,5,78,6,26,0,5
Apache Creadur RAT::Tools,org.apache.rat.tools,AntGenerator,67,627,10,49,8,108,10,35,0,10
Apache Creadur RAT::Tools,org.apache.rat.tools,Naming,35,772,9,87,3,142,9,55,0,16
Apache Creadur RAT::Tools,org.apache.rat.tools,AntDocumentation,239,152,13,5,44,25,13,7,5,6
Apache Creadur RAT::Tools,org.apache.rat.documentation,Exporter,66,0,0,0,13,0,3,0,3,0
Apache Creadur RAT::Tools,org.apache.rat.documentation,Exporter.Cleaner,38,0,2,0,11,0,3,0,2,0
Apache Creadur RAT::Tools,org.apache.rat.documentation,Exporter.Rewriter,122,0,4,0,24,0,4,0,2,0
Apache Creadur RAT::Tools,org.apache.rat.documentation.options,MavenOptionCollection.Builder,0,28,0,0,0,7,0,3,0,3
Apache Creadur RAT::Tools,org.apache.rat.documentation.options,AntOptionCollection.new AntOptionCollection.BuildType() {...},0,9,0,0,0,2,0,2,0,2
Apache Creadur RAT::Tools,org.apache.rat.documentation.options,AntOptionCollection.Builder,0,97,1,5,0,25,1,6,0,4
Apache Creadur RAT::Tools,org.apache.rat.documentation.options,AntOptionCollection.new AntOptionCollection.BuildType() {...},18,0,0,0,2,0,2,0,2,0
Apache Creadur RAT::Tools,org.apache.rat.documentation.options,AntOptionCollection,15,261,4,19,3,48,5,22,1,12
Apache Creadur RAT::Tools,org.apache.rat.documentation.options,MavenOption,24,294,5,33,3,41,8,20,3,6
Apache Creadur RAT::Tools,org.apache.rat.documentation.options,MavenOptionCollection,4,46,0,0,1,10,1,5,1,5
Apache Creadur RAT::Tools,org.apache.rat.documentation.options,AntOption.ExampleGenerator,11,120,1,9,1,21,2,10,1,6
Apache Creadur RAT::Tools,org.apache.rat.documentation.options,AntOption,19,77,2,6,5,15,5,11,3,9
Apache Creadur RAT::Tools,org.apache.rat.documentation.options,AntOptionCollection.BuildType,44,51,5,1,5,9,5,3,2,3
Apache Creadur RAT::Tools,org.apache.rat.tools.xsd,XsdGenerator,946,0,44,0,116,0,34,0,12,0
Apache Creadur RAT::Tools,org.apache.rat.tools.xsd,XsdWriter.Type,67,0,0,0,12,0,2,0,2,0
Apache Creadur RAT::Tools,org.apache.rat.tools.xsd,XsdWriter,87,0,4,0,23,0,9,0,7,0
