GROUP,PACKAGE,CLASS,INSTRUCTION_MISSED,INSTRUCTION_COVERED,BRANCH_MISSED,BRANCH_COVERED,LINE_MISSED,LINE_COVERED,COMPLEXITY_MISSED,COMPLEXITY_COVERED,METHOD_MISSED,METHOD_COVERED
Apache Creadur RAT::Core,org.apache.rat.config.exclusion,StandardCollection.new Predicate() {...},2,17,0,4,1,3,1,4,1,2
Apache Creadur RAT::Core,org.apache.rat.config.exclusion,StandardCollection.new Predicate() {...},2,17,0,4,1,3,1,4,1,2
Apache Creadur RAT::Core,org.apache.rat.config.exclusion,MatcherSet,19,46,0,2,1,7,1,3,1,2
Apache Creadur RAT::Core,org.apache.rat.config.exclusion,MatcherSet.Builder,0,127,0,8,0,24,0,13,0,9
Apache Creadur RAT::Core,org.apache.rat.config.exclusion,MatcherSet.Builder.new MatcherSet() {...},0,24,0,0,0,5,0,3,0,3
Apache Creadur RAT::Core,org.apache.rat.config.exclusion,ExclusionProcessor,148,515,17,27,21,105,14,30,2,20
Apache Creadur RAT::Core,org.apache.rat.config.exclusion,ExclusionUtils,31,297,7,35,5,56,7,29,0,15
Apache Creadur RAT::Core,org.apache.rat.config.exclusion,StandardCollection,9,856,1,25,1,88,1,22,0,9
Apache Creadur RAT::Core,org.apache.rat.config.exclusion,ExclusionUtils.new LineIterator() {...},0,12,0,0,0,2,0,2,0,2
Apache Creadur RAT::Core,org.apache.rat.config.exclusion.plexus,SelectorUtils,714,507,145,111,173,122,102,54,19,9
Apache Creadur RAT::Core,org.apache.rat.config.exclusion.plexus,MatchPatterns,20,136,0,10,2,25,2,13,2,8
Apache Creadur RAT::Core,org.apache.rat.config.exclusion.plexus,MatchPattern,103,112,12,12,20,26,13,10,6,5
Apache Creadur RAT::Core,org.apache.rat.analysis.license,SimplePatternBasedLicense,63,0,2,0,16,0,7,0,6,0
Apache Creadur RAT::Core,org.apache.rat.analysis.license,FullTextMatchingLicense,27,0,0,0,10,0,3,0,3,0
Apache Creadur RAT::Core,org.apache.rat.analysis.license,BaseLicense,35,0,0,0,16,0,8,0,8,0
Apache Creadur RAT::Core,org.apache.rat.analysis,RatHeaderAnalysisException,16,0,0,0,8,0,4,0,4,0
Apache Creadur RAT::Core,org.apache.rat.analysis,UnknownLicense,6,31,0,0,2,11,2,9,2,9
Apache Creadur RAT::Core,org.apache.rat.analysis,AnalyserFactory,0,80,1,7,0,16,1,8,0,5
Apache Creadur RAT::Core,org.apache.rat.analysis,IHeaderMatcher.Builder,32,4,0,0,8,1,8,1,8,1
Apache Creadur RAT::Core,org.apache.rat.analysis,HeaderCheckWorker,18,127,3,9,3,27,3,8,0,5
Apache Creadur RAT::Core,org.apache.rat.analysis,TikaProcessor,25,303,1,13,7,66,1,12,0,6
Apache Creadur RAT::Core,org.apache.rat.analysis,DocumentHeaderAnalyser,31,39,1,1,6,11,1,2,0,2
Apache Creadur RAT::Core,org.apache.rat.analysis,IHeaderMatcher,0,4,0,0,0,2,0,2,0,2
Apache Creadur RAT::Core,org.apache.rat.analysis,HeaderCheckWorker.new IHeaders() {...},4,15,0,0,1,3,1,3,1,3
Apache Creadur RAT::Core,org.apache.rat.analysis,AnalyserFactory.DefaultAnalyser,6,119,0,14,2,26,0,13,0,5
Apache Creadur RAT::Core,org.apache.rat.help,Licenses,55,490,5,39,11,80,5,26,0,8
Apache Creadur RAT::Core,org.apache.rat.help,Help,0,283,0,12,0,36,0,11,0,5
Apache Creadur RAT::Core,org.apache.rat.help,AbstractHelp.RatHelpFormatter,11,300,8,34,2,57,8,16,0,3
Apache Creadur RAT::Core,org.apache.rat.help,AbstractHelp,0,62,0,2,0,13,0,6,0,5
Apache Creadur RAT::Core,org.apache.rat.config.exclusion.fileProcessors,GitIgnoreBuilder,14,289,6,26,3,56,5,18,0,7
Apache Creadur RAT::Core,org.apache.rat.config.exclusion.fileProcessors,HgIgnoreBuilder,3,73,1,7,1,15,1,7,0,4
Apache Creadur RAT::Core,org.apache.rat.config.exclusion.fileProcessors,CVSIgnoreBuilder,0,66,1,5,0,13,1,4,0,2
Apache Creadur RAT::Core,org.apache.rat.config.exclusion.fileProcessors,AbstractFileProcessorBuilder.LevelBuilder,0,31,0,0,0,6,0,3,0,3
Apache Creadur RAT::Core,org.apache.rat.config.exclusion.fileProcessors,BazaarIgnoreBuilder,1,38,1,3,0,7,1,3,0,2
Apache Creadur RAT::Core,org.apache.rat.config.exclusion.fileProcessors,AbstractFileProcessorBuilder,6,325,2,12,1,50,3,21,1,16
Apache Creadur RAT::Core,org.apache.rat.config.exclusion.fileProcessors,HgIgnoreBuilder.Syntax,0,15,0,0,0,3,0,1,0,1
Apache Creadur RAT::Core,org.apache.rat.report,RatReport,0,3,0,0,0,3,0,3,0,3
Apache Creadur RAT::Core,org.apache.rat.report,ConfigurationReport,0,28,1,3,0,7,1,3,0,2
Apache Creadur RAT::Core,org.apache.rat.config.parameters,Description,103,295,6,16,15,55,6,28,0,22
Apache Creadur RAT::Core,org.apache.rat.config.parameters,ComponentType,0,27,0,0,0,5,0,1,0,1
Apache Creadur RAT::Core,org.apache.rat.config.parameters,DescriptionBuilder,51,289,15,37,8,52,13,20,0,7
Apache Creadur RAT::Core,org.apache.rat.utils,CasedString,10,68,3,5,2,12,4,6,1,5
Apache Creadur RAT::Core,org.apache.rat.utils,CasedString.StringCase,30,170,9,13,2,29,11,11,4,7
Apache Creadur RAT::Core,org.apache.rat.utils,ExtendedIterator.UnwindingIterator,51,0,10,0,15,0,8,0,3,0
Apache Creadur RAT::Core,org.apache.rat.utils,ReportingSet,116,186,3,10,22,43,20,22,18,17
Apache Creadur RAT::Core,org.apache.rat.utils,Log.new Writer() {...},21,72,2,4,6,13,3,4,2,2
Apache Creadur RAT::Core,org.apache.rat.utils,ReportingSet.Options,0,21,0,0,0,1,0,1,0,1
Apache Creadur RAT::Core,org.apache.rat.utils,ExtendedIterator,65,76,4,2,16,14,10,8,7,8
Apache Creadur RAT::Core,org.apache.rat.utils,Log,33,91,2,4,8,25,6,13,4,12
Apache Creadur RAT::Core,org.apache.rat.utils,Log.Level,0,33,0,0,0,6,0,1,0,1
Apache Creadur RAT::Core,org.apache.rat.utils,DefaultLog,21,76,2,7,4,20,3,10,1,7
Apache Creadur RAT::Core,org.apache.rat.api,RatException,11,16,1,1,4,5,3,3,2,3
Apache Creadur RAT::Core,org.apache.rat.api,Document.Type,0,39,0,0,0,7,0,1,0,1
Apache Creadur RAT::Core,org.apache.rat.api,EnvVar,5,63,1,1,1,12,2,4,1,4
Apache Creadur RAT::Core,org.apache.rat.api,Document,19,91,2,4,3,18,3,10,1,9
Apache Creadur RAT::Core,org.apache.rat.api,MetaData,8,135,1,11,2,31,1,26,0,21
Apache Creadur RAT::Core,org.apache.rat.configuration.builders,AbstractBuilder,15,19,0,2,1,6,1,5,1,4
Apache Creadur RAT::Core,org.apache.rat.configuration.builders,NotBuilder,29,31,4,2,3,6,4,3,1,3
Apache Creadur RAT::Core,org.apache.rat.configuration.builders,CopyrightBuilder,20,30,0,0,1,8,1,5,1,5
Apache Creadur RAT::Core,org.apache.rat.configuration.builders,AllBuilder,0,13,0,0,0,2,0,2,0,2
Apache Creadur RAT::Core,org.apache.rat.configuration.builders,SpdxBuilder,6,30,1,1,2,8,2,4,1,4
Apache Creadur RAT::Core,org.apache.rat.configuration.builders,ChildContainerBuilder,52,72,2,4,9,16,6,5,4,4
Apache Creadur RAT::Core,org.apache.rat.configuration.builders,MatcherRefBuilder.IHeaderMatcherProxy,19,43,1,3,3,15,2,6,1,5
Apache Creadur RAT::Core,org.apache.rat.configuration.builders,AnyBuilder,0,13,0,0,0,2,0,2,0,2
Apache Creadur RAT::Core,org.apache.rat.configuration.builders,TextBuilder,26,64,4,4,5,8,4,4,1,3
Apache Creadur RAT::Core,org.apache.rat.configuration.builders,MatcherRefBuilder,9,35,1,3,2,8,2,5,1,4
Apache Creadur RAT::Core,org.apache.rat.configuration.builders,RegexBuilder,23,23,4,2,2,5,4,3,1,3
Apache Creadur RAT::Core,org.apache.rat,Reporter,67,185,4,4,11,41,5,8,2,7
Apache Creadur RAT::Core,org.apache.rat,BuilderParams,37,7,0,0,5,1,0,1,0,1
Apache Creadur RAT::Core,org.apache.rat,ReportConfiguration.Processing,0,35,0,0,0,8,0,3,0,3
Apache Creadur RAT::Core,org.apache.rat,OptionCollection.ArgumentType,2,308,0,2,0,36,1,22,1,21
Apache Creadur RAT::Core,org.apache.rat,DeprecationReporter,41,126,7,9,10,25,9,8,3,6
Apache Creadur RAT::Core,org.apache.rat,ReportConfiguration.NoCloseOutputStream,23,21,0,0,7,9,5,4,5,4
Apache Creadur RAT::Core,org.apache.rat,Defaults,23,134,4,6,4,40,4,8,0,7
Apache Creadur RAT::Core,org.apache.rat,ConfigurationException,15,9,2,0,5,4,3,2,2,2
Apache Creadur RAT::Core,org.apache.rat,OptionCollection,42,217,4,18,12,48,4,15,0,8
Apache Creadur RAT::Core,org.apache.rat,OptionCollection.OptionComparator,0,20,0,2,0,4,0,3,0,2
Apache Creadur RAT::Core,org.apache.rat,Report,5,75,2,6,2,16,2,4,0,2
Apache Creadur RAT::Core,org.apache.rat,ImplementationException,20,4,2,0,7,2,4,1,3,1
Apache Creadur RAT::Core,org.apache.rat,ReportConfiguration,44,523,3,25,14,152,6,82,3,70
Apache Creadur RAT::Core,org.apache.rat,VersionInfo,60,57,1,1,12,10,5,7,4,7
Apache Creadur RAT::Core,org.apache.rat,Defaults.Builder,23,44,1,1,4,12,4,6,3,6
Apache Creadur RAT::Core,org.apache.rat.document,DocumentNameMatcher.DefaultCompoundPredicate,34,9,2,0,5,4,2,2,1,2
Apache Creadur RAT::Core,org.apache.rat.document,DocumentNameMatcher.FileFilterPredicate,0,19,0,0,0,5,0,3,0,3
Apache Creadur RAT::Core,org.apache.rat.document,ArchiveEntryDocument,4,14,0,0,2,4,2,2,2,2
Apache Creadur RAT::Core,org.apache.rat.document,DocumentNameMatcher.Or,0,24,0,4,0,7,0,4,0,2
Apache Creadur RAT::Core,org.apache.rat.document,RatDocumentAnalysisException,5,8,0,0,2,4,1,2,1,2
Apache Creadur RAT::Core,org.apache.rat.document,DocumentNameMatcher.And,0,24,0,4,0,7,0,4,0,2
Apache Creadur RAT::Core,org.apache.rat.document,FileDocument,2,102,2,6,1,18,2,8,0,6
Apache Creadur RAT::Core,org.apache.rat.document,DocumentName,27,259,4,30,5,50,7,33,3,20
Apache Creadur RAT::Core,org.apache.rat.document,DocumentName.Builder,28,294,4,26,6,72,5,27,1,16
Apache Creadur RAT::Core,org.apache.rat.document,DocumentNameMatcher.MatchPatternsPredicate,4,24,0,0,1,7,1,2,1,2
Apache Creadur RAT::Core,org.apache.rat.document,IgnoredDocument,2,29,0,0,1,6,1,3,1,3
Apache Creadur RAT::Core,org.apache.rat.document,DocumentNameMatcher.DecomposeData,0,156,0,6,0,23,0,8,0,5
Apache Creadur RAT::Core,org.apache.rat.document,DocumentNameMatcher.1.new Predicate() {...},0,29,0,0,0,3,0,2,0,2
Apache Creadur RAT::Core,org.apache.rat.document,ArchiveEntryName,39,62,0,0,5,14,5,5,5,5
Apache Creadur RAT::Core,org.apache.rat.document,DocumentNameMatcher.NotPredicate,5,15,0,2,1,4,1,3,1,2
Apache Creadur RAT::Core,org.apache.rat.document,DocumentName.FSInfo,15,165,2,14,4,36,4,19,2,13
Apache Creadur RAT::Core,org.apache.rat.document,DocumentNameMatcher,81,371,3,27,14,73,7,37,4,25
Apache Creadur RAT::Core,org.apache.rat.document,DocumentName.FSInfoData,1,99,3,3,1,31,3,4,0,4
Apache Creadur RAT::Core,org.apache.rat.document,DocumentNameMatcher.new DocumentNameMatcher.CompoundPredicate() {...},0,41,0,0,0,5,0,4,0,4
Apache Creadur RAT::Core,org.apache.rat.document,DocumentNameMatcher.new DocumentNameMatcher.DefaultCompoundPredicate() {...},0,26,0,4,0,4,0,4,0,2
Apache Creadur RAT::Core,org.apache.rat.commandline,StyleSheets,12,111,1,3,1,18,1,8,0,7
Apache Creadur RAT::Core,org.apache.rat.commandline,Converters.FileConverter,4,31,1,3,2,7,1,3,0,2
Apache Creadur RAT::Core,org.apache.rat.commandline,Arg.StdMsgs,0,9,0,0,0,1,0,1,0,1
Apache Creadur RAT::Core,org.apache.rat.commandline,ArgumentContext,35,34,0,0,4,12,1,6,1,6
Apache Creadur RAT::Core,org.apache.rat.commandline,Converters,34,44,1,1,5,9,1,4,0,4
Apache Creadur RAT::Core,org.apache.rat.commandline,Arg,263,2027,24,124,49,441,26,84,8,28
Apache Creadur RAT::Core,org.apache.rat.config.results,ClaimValidator,10,282,5,27,0,36,5,22,0,11
Apache Creadur RAT::Core,org.apache.rat.annotation,AbstractLicenseAppender,57,1035,13,77,12,205,13,56,2,22
Apache Creadur RAT::Core,org.apache.rat.annotation,ApacheV2LicenseAppender,0,190,0,2,0,33,0,4,0,3
Apache Creadur RAT::Core,org.apache.rat.report.xml.writer,OperationNotAllowedException,0,4,0,0,0,2,0,1,0,1
Apache Creadur RAT::Core,org.apache.rat.report.xml.writer,XmlWriter,89,2113,10,82,20,474,7,59,1,19
Apache Creadur RAT::Core,org.apache.rat.report.xml.writer,InvalidXmlException,0,4,0,0,0,2,0,1,0,1
Apache Creadur RAT::Core,org.apache.rat.report.xml.writer,IXmlWriter,5,0,0,0,1,0,1,0,1,0
Apache Creadur RAT::Core,org.apache.rat.analysis.matchers,SPDXMatcherFactory,5,81,1,9,1,22,1,9,0,5
Apache Creadur RAT::Core,org.apache.rat.analysis.matchers,AndMatcher,6,26,0,4,2,7,1,4,1,2
Apache Creadur RAT::Core,org.apache.rat.analysis.matchers,FullTextMatcher,0,60,0,6,0,15,0,7,0,4
Apache Creadur RAT::Core,org.apache.rat.analysis.matchers,AbstractHeaderMatcher,3,15,0,2,1,4,1,3,1,2
Apache Creadur RAT::Core,org.apache.rat.analysis.matchers,SimpleTextMatcher,5,24,1,1,1,8,1,4,0,4
Apache Creadur RAT::Core,org.apache.rat.analysis.matchers,SimpleRegexMatcher,0,18,0,0,0,5,0,3,0,3
Apache Creadur RAT::Core,org.apache.rat.analysis.matchers,NotMatcher,4,23,0,2,2,6,1,4,1,3
Apache Creadur RAT::Core,org.apache.rat.analysis.matchers,SPDXMatcherFactory.Match,0,31,0,0,0,10,0,4,0,4
Apache Creadur RAT::Core,org.apache.rat.analysis.matchers,OrMatcher,6,26,0,4,2,7,1,4,1,2
Apache Creadur RAT::Core,org.apache.rat.analysis.matchers,CopyrightMatcher,0,283,0,36,0,52,0,28,0,10
Apache Creadur RAT::Core,org.apache.rat.analysis.matchers,AbstractMatcherContainer,6,29,0,0,2,9,1,4,1,4
Apache Creadur RAT::Core,org.apache.rat.report.claim,ClaimReporterMultiplexer,8,86,1,9,2,24,1,8,0,4
Apache Creadur RAT::Core,org.apache.rat.report.claim,ClaimStatistic.Counter,0,134,0,0,0,21,0,6,0,6
Apache Creadur RAT::Core,org.apache.rat.report.claim,ClaimStatistic.IntCounter,0,14,0,0,0,4,0,3,0,3
Apache Creadur RAT::Core,org.apache.rat.report.claim,SimpleXmlClaimReporter,0,42,0,2,0,11,0,3,0,2
Apache Creadur RAT::Core,org.apache.rat.report.claim,ClaimAggregator,0,58,0,2,0,16,0,6,0,5
Apache Creadur RAT::Core,org.apache.rat.report.claim,ClaimStatistic,5,209,2,11,2,41,2,25,0,18
Apache Creadur RAT::Core,org.apache.rat.report.claim,AbstractClaimReporter,3,19,0,0,3,6,3,2,3,2
Apache Creadur RAT::Core,org.apache.rat.report.claim,ClaimValidatorReport,0,127,0,8,0,20,0,6,0,2
Apache Creadur RAT::Core,org.apache.rat.report.claim,LicenseAddingReport,8,45,2,4,2,11,2,4,0,3
Apache Creadur RAT::Core,org.apache.rat.header,HeaderMatcher,0,101,2,10,0,27,2,9,0,5
Apache Creadur RAT::Core,org.apache.rat.header,FilteringSequenceFactory,5,66,0,8,2,18,1,7,1,3
Apache Creadur RAT::Core,org.apache.rat.header,ArrayCharFilter,0,34,0,4,0,11,0,4,0,2
Apache Creadur RAT::Core,org.apache.rat.header,HeaderBean,12,17,0,0,5,8,1,5,1,5
Apache Creadur RAT::Core,org.apache.rat.header,LineNumberReader,10,42,2,3,3,15,2,4,0,3
Apache Creadur RAT::Core,org.apache.rat.config,AddLicenseHeaders,0,21,0,0,0,4,0,1,0,1
Apache Creadur RAT::Core,org.apache.rat.walker,DirectoryWalker,0,41,1,7,0,12,1,6,0,3
Apache Creadur RAT::Core,org.apache.rat.walker,FileListWalker,27,127,0,8,4,29,0,8,0,4
Apache Creadur RAT::Core,org.apache.rat.walker,IReportableListWalker,11,33,0,2,3,10,1,4,1,3
Apache Creadur RAT::Core,org.apache.rat.walker,ArchiveWalker,39,81,4,6,8,17,4,5,1,3
Apache Creadur RAT::Core,org.apache.rat.walker,IReportableListWalker.Builder,5,35,1,1,1,11,1,3,0,3
Apache Creadur RAT::Core,org.apache.rat.walker,Walker,0,13,0,0,0,5,0,3,0,3
Apache Creadur RAT::Core,org.apache.rat.license,SimpleLicenseFamily,34,0,0,0,10,0,6,0,6,0
Apache Creadur RAT::Core,org.apache.rat.license,ILicenseFamily.Builder,13,26,2,2,3,8,3,4,1,4
Apache Creadur RAT::Core,org.apache.rat.license,ILicense,16,44,1,7,2,8,2,7,1,4
Apache Creadur RAT::Core,org.apache.rat.license,LicenseSetFactory.LicenseFilter,0,21,0,0,0,4,0,1,0,1
Apache Creadur RAT::Core,org.apache.rat.license,SimpleLicense,3,82,0,0,1,20,1,11,1,11
Apache Creadur RAT::Core,org.apache.rat.license,LicenseSetFactory,35,596,11,37,7,105,11,55,2,38
Apache Creadur RAT::Core,org.apache.rat.license,ILicenseFamilyBuilder,3,0,0,0,1,0,1,0,1,0
Apache Creadur RAT::Core,org.apache.rat.license,LicenseSetFactory.new ILicense() {...},18,15,0,0,7,3,7,3,7,3
Apache Creadur RAT::Core,org.apache.rat.license,SimpleLicense.Builder,23,104,4,6,3,25,4,12,0,11
Apache Creadur RAT::Core,org.apache.rat.license,ILicenseFamily.Builder.new ILicenseFamily() {...},6,53,1,3,2,10,2,6,1,5
Apache Creadur RAT::Core,org.apache.rat.license,ILicenseFamily,2,29,1,1,0,4,1,4,0,4
Apache Creadur RAT::Core,org.apache.rat.report.xml,XmlElements,32,226,0,8,8,59,0,19,0,15
Apache Creadur RAT::Core,org.apache.rat.report.xml,XmlElements.Attributes,0,87,0,0,0,15,0,1,0,1
Apache Creadur RAT::Core,org.apache.rat.report.xml,XmlElements.Elements,0,85,0,0,0,18,0,4,0,4
Apache Creadur RAT::Core,org.apache.rat.report.xml,XmlReportFactory,0,71,1,9,0,10,1,5,0,1
Apache Creadur RAT::Core,org.apache.rat.document.guesser,NoteGuesser,4,209,2,6,2,9,2,4,0,2
Apache Creadur RAT::Core,org.apache.rat.configuration,MatcherBuilderTracker,86,94,5,7,13,28,6,7,1,6
Apache Creadur RAT::Core,org.apache.rat.configuration,XMLConfig,0,107,0,4,0,6,0,7,0,5
Apache Creadur RAT::Core,org.apache.rat.configuration,XMLConfigurationWriter,48,526,7,56,18,123,6,41,0,14
Apache Creadur RAT::Core,org.apache.rat.configuration,XMLConfigurationReader,412,913,37,58,78,188,34,60,5,39
Apache Creadur RAT::Core,org.apache.rat.configuration,XMLConfigurationReader.new BuilderParams() {...},0,14,0,0,0,3,0,3,0,3
Apache Creadur RAT::Core,org.apache.rat.configuration,XMLConfigurationReader.IDRecordingBuilder,4,27,0,0,1,8,1,2,1,2
Apache Creadur RAT::Core,org.apache.rat.configuration,Format,33,140,4,10,6,24,4,10,0,7
